# JRE version: Java(TM) SE Runtime Environment (8.0_60-b27) (build 1.8.0_60-b27)
# Java VM: Java HotSpot(TM) 64-Bit Server VM (25.60-b23 mixed mode windows-amd64 compressed oops)
Heap:
 PSYoungGen      total 64000K, used 31508K [0x00000000ec100000, 0x00000000f5a00000, 0x0000000100000000)
  eden space 61440K, 51% used [0x00000000ec100000,0x00000000edfc50c0,0x00000000efd00000)
  from space 2560K, 0% used [0x00000000efd00000,0x00000000efd00000,0x00000000eff80000)
  to   space 16896K, 0% used [0x00000000f4980000,0x00000000f4980000,0x00000000f5a00000)
 ParOldGen       total 52736K, used 18518K [0x00000000c4200000, 0x00000000c7580000, 0x00000000ec100000)
  object space 52736K, 35% used [0x00000000c4200000,0x00000000c54158e8,0x00000000c7580000)
 Metaspace       used 30294K, capacity 30574K, committed 30848K, reserved 1077248K
  class space    used 3861K, capacity 3957K, committed 3968K, reserved 1048576K
GC Heap History (10 events):
Event: 1.777 GC heap before
{Heap before GC invocations=2 (full 0):
 PSYoungGen      total 17920K, used 17889K [0x00000000ec100000, 0x00000000ee400000, 0x0000000100000000)
  eden space 15360K, 100% used [0x00000000ec100000,0x00000000ed000000,0x00000000ed000000)
  from space 2560K, 98% used [0x00000000ed000000,0x00000000ed278498,0x00000000ed280000)
  to   space 2560K, 0% used [0x00000000ee180000,0x00000000ee180000,0x00000000ee400000)
 ParOldGen       total 40960K, used 744K [0x00000000c4200000, 0x00000000c6a00000, 0x00000000ec100000)
  object space 40960K, 1% used [0x00000000c4200000,0x00000000c42ba278,0x00000000c6a00000)
 Metaspace       used 15332K, capacity 15504K, committed 15744K, reserved 1062912K
  class space    used 1820K, capacity 1882K, committed 1920K, reserved 1048576K
Event: 1.793 GC heap after
Heap after GC invocations=2 (full 0):
 PSYoungGen      total 33280K, used 2544K [0x00000000ec100000, 0x00000000ee400000, 0x0000000100000000)
  eden space 30720K, 0% used [0x00000000ec100000,0x00000000ec100000,0x00000000edf00000)
  from space 2560K, 99% used [0x00000000ee180000,0x00000000ee3fc020,0x00000000ee400000)
  to   space 2560K, 0% used [0x00000000edf00000,0x00000000edf00000,0x00000000ee180000)
 ParOldGen       total 40960K, used 3600K [0x00000000c4200000, 0x00000000c6a00000, 0x00000000ec100000)
  object space 40960K, 8% used [0x00000000c4200000,0x00000000c4584278,0x00000000c6a00000)
 Metaspace       used 15332K, capacity 15504K, committed 15744K, reserved 1062912K
  class space    used 1820K, capacity 1882K, committed 1920K, reserved 1048576K
}
Event: 2.722 GC heap before
{Heap before GC invocations=3 (full 0):
 PSYoungGen      total 33280K, used 33264K [0x00000000ec100000, 0x00000000ee400000, 0x0000000100000000)
  eden space 30720K, 100% used [0x00000000ec100000,0x00000000edf00000,0x00000000edf00000)
  from space 2560K, 99% used [0x00000000ee180000,0x00000000ee3fc020,0x00000000ee400000)
  to   space 2560K, 0% used [0x00000000edf00000,0x00000000edf00000,0x00000000ee180000)
 ParOldGen       total 40960K, used 3600K [0x00000000c4200000, 0x00000000c6a00000, 0x00000000ec100000)
  object space 40960K, 8% used [0x00000000c4200000,0x00000000c4584278,0x00000000c6a00000)
 Metaspace       used 20441K, capacity 20662K, committed 20864K, reserved 1067008K
  class space    used 2555K, capacity 2661K, committed 2688K, reserved 1048576K
Event: 2.743 GC heap after
Heap after GC invocations=3 (full 0):
 PSYoungGen      total 33280K, used 2528K [0x00000000ec100000, 0x00000000f0200000, 0x0000000100000000)
  eden space 30720K, 0% used [0x00000000ec100000,0x00000000ec100000,0x00000000edf00000)
  from space 2560K, 98% used [0x00000000edf00000,0x00000000ee178010,0x00000000ee180000)
  to   space 2560K, 0% used [0x00000000eff80000,0x00000000eff80000,0x00000000f0200000)
 ParOldGen       total 40960K, used 11319K [0x00000000c4200000, 0x00000000c6a00000, 0x00000000ec100000)
  object space 40960K, 27% used [0x00000000c4200000,0x00000000c4d0dde0,0x00000000c6a00000)
 Metaspace       used 20441K, capacity 20662K, committed 20864K, reserved 1067008K
  class space    used 2555K, capacity 2661K, committed 2688K, reserved 1048576K
}
Event: 2.901 GC heap before
{Heap before GC invocations=4 (full 0):
 PSYoungGen      total 33280K, used 33248K [0x00000000ec100000, 0x00000000f0200000, 0x0000000100000000)
  eden space 30720K, 100% used [0x00000000ec100000,0x00000000edf00000,0x00000000edf00000)
  from space 2560K, 98% used [0x00000000edf00000,0x00000000ee178010,0x00000000ee180000)
  to   space 2560K, 0% used [0x00000000eff80000,0x00000000eff80000,0x00000000f0200000)
 ParOldGen       total 40960K, used 11319K [0x00000000c4200000, 0x00000000c6a00000, 0x00000000ec100000)
  object space 40960K, 27% used [0x00000000c4200000,0x00000000c4d0dde0,0x00000000c6a00000)
 Metaspace       used 20441K, capacity 20662K, committed 20864K, reserved 1067008K
  class space    used 2555K, capacity 2661K, committed 2688K, reserved 1048576K
Event: 2.925 GC heap after
Heap after GC invocations=4 (full 0):
 PSYoungGen      total 64000K, used 2544K [0x00000000ec100000, 0x00000000f0200000, 0x0000000100000000)
  eden space 61440K, 0% used [0x00000000ec100000,0x00000000ec100000,0x00000000efd00000)
  from space 2560K, 99% used [0x00000000eff80000,0x00000000f01fc010,0x00000000f0200000)
  to   space 2560K, 0% used [0x00000000efd00000,0x00000000efd00000,0x00000000eff80000)
 ParOldGen       total 40960K, used 22570K [0x00000000c4200000, 0x00000000c6a00000, 0x00000000ec100000)
  object space 40960K, 55% used [0x00000000c4200000,0x00000000c580aae0,0x00000000c6a00000)
 Metaspace       used 20441K, capacity 20662K, committed 20864K, reserved 1067008K
  class space    used 2555K, capacity 2661K, committed 2688K, reserved 1048576K
}
Event: 3.161 GC heap before
{Heap before GC invocations=5 (full 0):
 PSYoungGen      total 64000K, used 28518K [0x00000000ec100000, 0x00000000f0200000, 0x0000000100000000)
  eden space 61440K, 42% used [0x00000000ec100000,0x00000000eda5da80,0x00000000efd00000)
  from space 2560K, 99% used [0x00000000eff80000,0x00000000f01fc010,0x00000000f0200000)
  to   space 2560K, 0% used [0x00000000efd00000,0x00000000efd00000,0x00000000eff80000)
 ParOldGen       total 40960K, used 22570K [0x00000000c4200000, 0x00000000c6a00000, 0x00000000ec100000)
  object space 40960K, 55% used [0x00000000c4200000,0x00000000c580aae0,0x00000000c6a00000)
 Metaspace       used 20849K, capacity 21078K, committed 21248K, reserved 1067008K
  class space    used 2592K, capacity 2693K, committed 2816K, reserved 1048576K
Event: 3.182 GC heap after
Heap after GC invocations=5 (full 0):
 PSYoungGen      total 64000K, used 2544K [0x00000000ec100000, 0x00000000f5a00000, 0x0000000100000000)
  eden space 61440K, 0% used [0x00000000ec100000,0x00000000ec100000,0x00000000efd00000)
  from space 2560K, 99% used [0x00000000efd00000,0x00000000eff7c010,0x00000000eff80000)
  to   space 16896K, 0% used [0x00000000f4980000,0x00000000f4980000,0x00000000f5a00000)
 ParOldGen       total 40960K, used 31248K [0x00000000c4200000, 0x00000000c6a00000, 0x00000000ec100000)
  object space 40960K, 76% used [0x00000000c4200000,0x00000000c6084318,0x00000000c6a00000)
 Metaspace       used 20849K, capacity 21078K, committed 21248K, reserved 1067008K
  class space    used 2592K, capacity 2693K, committed 2816K, reserved 1048576K
}
Event: 3.182 GC heap before
{Heap before GC invocations=6 (full 1):
 PSYoungGen      total 64000K, used 2544K [0x00000000ec100000, 0x00000000f5a00000, 0x0000000100000000)
  eden space 61440K, 0% used [0x00000000ec100000,0x00000000ec100000,0x00000000efd00000)
  from space 2560K, 99% used [0x00000000efd00000,0x00000000eff7c010,0x00000000eff80000)
  to   space 16896K, 0% used [0x00000000f4980000,0x00000000f4980000,0x00000000f5a00000)
 ParOldGen       total 40960K, used 31248K [0x00000000c4200000, 0x00000000c6a00000, 0x00000000ec100000)
  object space 40960K, 76% used [0x00000000c4200000,0x00000000c6084318,0x00000000c6a00000)
 Metaspace       used 20849K, capacity 21078K, committed 21248K, reserved 1067008K
  class space    used 2592K, capacity 2693K, committed 2816K, reserved 1048576K
Event: 3.249 GC heap after
Heap after GC invocations=6 (full 1):
 PSYoungGen      total 64000K, used 0K [0x00000000ec100000, 0x00000000f5a00000, 0x0000000100000000)
  eden space 61440K, 0% used [0x00000000ec100000,0x00000000ec100000,0x00000000efd00000)
  from space 2560K, 0% used [0x00000000efd00000,0x00000000efd00000,0x00000000eff80000)
  to   space 16896K, 0% used [0x00000000f4980000,0x00000000f4980000,0x00000000f5a00000)
 ParOldGen       total 52736K, used 18518K [0x00000000c4200000, 0x00000000c7580000, 0x00000000ec100000)
  object space 52736K, 35% used [0x00000000c4200000,0x00000000c54158e8,0x00000000c7580000)
 Metaspace       used 20849K, capacity 21078K, committed 21248K, reserved 1067008K
  class space    used 2592K, capacity 2693K, committed 2816K, reserved 1048576K
}

